<?xml version="1.0" encoding="UTF-8"?>
<!-- Generated by org.testng.reporters.JUnitXMLReporter -->
<testsuite ignored="0" hostname="DESKTOP-PEVTRFA" failures="0" tests="4" name="Default test" time="0.099" errors="0" timestamp="2026-08-24T05:54:43 IST">
  <testcase classname="day42Testng.Testng" name="openwebsite" time="0.013"/>
  <testcase classname="day42Testng.Testng" name="login" time="0.002"/>
  <testcase classname="day42Testng.Testng" name="checkpage" time="0.003"/>
  <testcase classname="day42Testng.Testng" name="logout" time="0.003"/>
</testsuite> <!-- Default test -->
