<?xml version="1.0" encoding="UTF-8"?>
<!-- Generated by org.testng.reporters.JUnitXMLReporter -->
<testsuite ignored="0" hostname="DESKTOP-PEVTRFA" failures="0" tests="4" name="Test" time="0.095" errors="0" timestamp="2026-01-26T14:44:37 IST">
  <testcase classname="day42Testng.Testng" name="openwebsite" time="0.016"/>
  <testcase classname="day42Testng.Testng" name="login" time="0.002"/>
  <testcase classname="day42Testng.Testng" name="checkpage" time="0.004"/>
  <testcase classname="day42Testng.Testng" name="logout" time="0.001"/>
</testsuite> <!-- Test -->
