<?xml version="1.0" encoding="UTF-8"?>
<testng-results ignored="0" total="4" passed="4" failed="0" skipped="0">
  <reporter-output>
  </reporter-output>
  <suite started-at="2026-08-24T05:54:43 IST" name="Default suite" finished-at="2026-08-24T05:54:43 IST" duration-ms="99">
    <groups>
    </groups>
    <test started-at="2026-08-24T05:54:43 IST" name="Default test" finished-at="2026-08-24T05:54:43 IST" duration-ms="99">
      <class name="day42Testng.Testng">
        <test-method signature="openwebsite()[pri:1, instance:day42Testng.Testng@747edf66]" started-at="2026-08-24T05:54:43 IST" name="openwebsite" finished-at="2026-08-24T05:54:43 IST" duration-ms="13" status="PASS">
          <reporter-output>
          </reporter-output>
        </test-method> <!-- openwebsite -->
        <test-method signature="login()[pri:2, instance:day42Testng.Testng@747edf66]" started-at="2026-08-24T05:54:43 IST" name="login" finished-at="2026-08-24T05:54:43 IST" duration-ms="2" status="PASS">
          <reporter-output>
          </reporter-output>
        </test-method> <!-- login -->
        <test-method signature="checkpage()[pri:3, instance:day42Testng.Testng@747edf66]" started-at="2026-08-24T05:54:43 IST" name="checkpage" finished-at="2026-08-24T05:54:43 IST" duration-ms="3" status="PASS">
          <reporter-output>
          </reporter-output>
        </test-method> <!-- checkpage -->
        <test-method signature="logout()[pri:4, instance:day42Testng.Testng@747edf66]" started-at="2026-08-24T05:54:43 IST" name="logout" finished-at="2026-08-24T05:54:43 IST" duration-ms="3" status="PASS">
          <reporter-output>
          </reporter-output>
        </test-method> <!-- logout -->
      </class> <!-- day42Testng.Testng -->
    </test> <!-- Default test -->
  </suite> <!-- Default suite -->
</testng-results>
