<?xml version="1.0" encoding="UTF-8"?>
<!-- Generated by org.testng.reporters.JUnitReportReporter -->
<testsuite hostname="DESKTOP-PEVTRFA" failures="0" tests="4" name="day42Testng.Testng" time="0.021" errors="0" timestamp="2026-08-24T05:54:43 IST" skipped="0">
  <testcase classname="day42Testng.Testng" name="openwebsite" time="0.013"/>
  <testcase classname="day42Testng.Testng" name="login" time="0.002"/>
  <testcase classname="day42Testng.Testng" name="checkpage" time="0.003"/>
  <testcase classname="day42Testng.Testng" name="logout" time="0.003"/>
</testsuite> <!-- day42Testng.Testng -->
